find_header: checking for sqlite3.h... -------------------- yes

"x86_64-pc-linux-gnu-gcc -o conftest -I/usr/include/ruby-2.0.0/x86_64-linux -I/usr/include/ruby-2.0.0/ruby/backward -I/usr/include/ruby-2.0.0 -I.    -O2 -march=native -pipe -fno-strict-aliasing -fPIC conftest.c  -L. -L/usr/lib64 -L. -Wl,-O1 -Wl,--as-needed -fstack-protector -rdynamic -Wl,-export-dynamic -Wl,--no-undefined     -lruby20  -lpthread -lrt -ldl -lcrypt -lm   -lc"
checked program was:
/* begin */
1: #include "ruby.h"
2: 
3: int main(int argc, char **argv)
4: {
5:   return 0;
6: }
/* end */

"x86_64-pc-linux-gnu-gcc -E -I/usr/include/ruby-2.0.0/x86_64-linux -I/usr/include/ruby-2.0.0/ruby/backward -I/usr/include/ruby-2.0.0 -I.    -O2 -march=native -pipe -fno-strict-aliasing -fPIC  conftest.c -o conftest.i"
checked program was:
/* begin */
1: #include "ruby.h"
2: 
3: #include <sqlite3.h>
/* end */

--------------------

find_library: checking for sqlite3_libversion_number() in -lsqlite3... -------------------- yes

"x86_64-pc-linux-gnu-gcc -o conftest -I/usr/include/ruby-2.0.0/x86_64-linux -I/usr/include/ruby-2.0.0/ruby/backward -I/usr/include/ruby-2.0.0 -I.    -O2 -march=native -pipe -fno-strict-aliasing -fPIC conftest.c  -L. -L/usr/lib64 -L. -Wl,-O1 -Wl,--as-needed -fstack-protector -rdynamic -Wl,-export-dynamic -Wl,--no-undefined     -lruby20 -lsqlite3  -lpthread -lrt -ldl -lcrypt -lm   -lc"
conftest.c: In function ‘t’:
conftest.c:5:57: error: ‘sqlite3_libversion_number’ undeclared (first use in this function)
 int t(void) { void ((*volatile p)()); p = (void ((*)()))sqlite3_libversion_number; return 0; }
                                                         ^
conftest.c:5:57: note: each undeclared identifier is reported only once for each function it appears in
checked program was:
/* begin */
 1: #include "ruby.h"
 2: 
 3: /*top*/
 4: extern int t(void);
 5: int t(void) { void ((*volatile p)()); p = (void ((*)()))sqlite3_libversion_number; return 0; }
 6: int main(int argc, char **argv)
 7: {
 8:   if (argc > 1000000) {
 9:     printf("%p", &t);
10:   }
11: 
12:   return 0;
13: }
/* end */

"x86_64-pc-linux-gnu-gcc -o conftest -I/usr/include/ruby-2.0.0/x86_64-linux -I/usr/include/ruby-2.0.0/ruby/backward -I/usr/include/ruby-2.0.0 -I.    -O2 -march=native -pipe -fno-strict-aliasing -fPIC conftest.c  -L. -L/usr/lib64 -L. -Wl,-O1 -Wl,--as-needed -fstack-protector -rdynamic -Wl,-export-dynamic -Wl,--no-undefined     -lruby20 -lsqlite3  -lpthread -lrt -ldl -lcrypt -lm   -lc"
checked program was:
/* begin */
 1: #include "ruby.h"
 2: 
 3: /*top*/
 4: extern int t(void);
 5: int t(void) { sqlite3_libversion_number(); return 0; }
 6: int main(int argc, char **argv)
 7: {
 8:   if (argc > 1000000) {
 9:     printf("%p", &t);
10:   }
11: 
12:   return 0;
13: }
/* end */

--------------------

have_func: checking for rb_proc_arity()... -------------------- yes

"x86_64-pc-linux-gnu-gcc -o conftest -I/usr/include/ruby-2.0.0/x86_64-linux -I/usr/include/ruby-2.0.0/ruby/backward -I/usr/include/ruby-2.0.0 -I.    -O2 -march=native -pipe -fno-strict-aliasing -fPIC conftest.c  -L. -L/usr/lib64 -L. -Wl,-O1 -Wl,--as-needed -fstack-protector -rdynamic -Wl,-export-dynamic -Wl,--no-undefined    -lsqlite3  -lruby20 -lsqlite3  -lpthread -lrt -ldl -lcrypt -lm   -lc"
checked program was:
/* begin */
 1: #include "ruby.h"
 2: 
 3: /*top*/
 4: extern int t(void);
 5: int t(void) { void ((*volatile p)()); p = (void ((*)()))rb_proc_arity; return 0; }
 6: int main(int argc, char **argv)
 7: {
 8:   if (argc > 1000000) {
 9:     printf("%p", &t);
10:   }
11: 
12:   return 0;
13: }
/* end */

--------------------

have_func: checking for rb_integer_pack()... -------------------- no

"x86_64-pc-linux-gnu-gcc -o conftest -I/usr/include/ruby-2.0.0/x86_64-linux -I/usr/include/ruby-2.0.0/ruby/backward -I/usr/include/ruby-2.0.0 -I.    -O2 -march=native -pipe -fno-strict-aliasing -fPIC conftest.c  -L. -L/usr/lib64 -L. -Wl,-O1 -Wl,--as-needed -fstack-protector -rdynamic -Wl,-export-dynamic -Wl,--no-undefined    -lsqlite3  -lruby20 -lsqlite3  -lpthread -lrt -ldl -lcrypt -lm   -lc"
conftest.c: In function ‘t’:
conftest.c:5:57: error: ‘rb_integer_pack’ undeclared (first use in this function)
 int t(void) { void ((*volatile p)()); p = (void ((*)()))rb_integer_pack; return 0; }
                                                         ^
conftest.c:5:57: note: each undeclared identifier is reported only once for each function it appears in
checked program was:
/* begin */
 1: #include "ruby.h"
 2: 
 3: /*top*/
 4: extern int t(void);
 5: int t(void) { void ((*volatile p)()); p = (void ((*)()))rb_integer_pack; return 0; }
 6: int main(int argc, char **argv)
 7: {
 8:   if (argc > 1000000) {
 9:     printf("%p", &t);
10:   }
11: 
12:   return 0;
13: }
/* end */

"x86_64-pc-linux-gnu-gcc -o conftest -I/usr/include/ruby-2.0.0/x86_64-linux -I/usr/include/ruby-2.0.0/ruby/backward -I/usr/include/ruby-2.0.0 -I.    -O2 -march=native -pipe -fno-strict-aliasing -fPIC conftest.c  -L. -L/usr/lib64 -L. -Wl,-O1 -Wl,--as-needed -fstack-protector -rdynamic -Wl,-export-dynamic -Wl,--no-undefined    -lsqlite3  -lruby20 -lsqlite3  -lpthread -lrt -ldl -lcrypt -lm   -lc"
/tmp/cc4ljWn0.o: In function `t':
conftest.c:(.text+0x7): undefined reference to `rb_integer_pack'
collect2: error: ld returned 1 exit status
checked program was:
/* begin */
 1: #include "ruby.h"
 2: 
 3: /*top*/
 4: extern int t(void);
 5: int t(void) { rb_integer_pack(); return 0; }
 6: int main(int argc, char **argv)
 7: {
 8:   if (argc > 1000000) {
 9:     printf("%p", &t);
10:   }
11: 
12:   return 0;
13: }
/* end */

--------------------

have_func: checking for sqlite3_initialize()... -------------------- yes

"x86_64-pc-linux-gnu-gcc -o conftest -I/usr/include/ruby-2.0.0/x86_64-linux -I/usr/include/ruby-2.0.0/ruby/backward -I/usr/include/ruby-2.0.0 -I.    -O2 -march=native -pipe -fno-strict-aliasing -fPIC conftest.c  -L. -L/usr/lib64 -L. -Wl,-O1 -Wl,--as-needed -fstack-protector -rdynamic -Wl,-export-dynamic -Wl,--no-undefined    -lsqlite3  -lruby20 -lsqlite3  -lpthread -lrt -ldl -lcrypt -lm   -lc"
conftest.c: In function ‘t’:
conftest.c:5:57: error: ‘sqlite3_initialize’ undeclared (first use in this function)
 int t(void) { void ((*volatile p)()); p = (void ((*)()))sqlite3_initialize; return 0; }
                                                         ^
conftest.c:5:57: note: each undeclared identifier is reported only once for each function it appears in
checked program was:
/* begin */
 1: #include "ruby.h"
 2: 
 3: /*top*/
 4: extern int t(void);
 5: int t(void) { void ((*volatile p)()); p = (void ((*)()))sqlite3_initialize; return 0; }
 6: int main(int argc, char **argv)
 7: {
 8:   if (argc > 1000000) {
 9:     printf("%p", &t);
10:   }
11: 
12:   return 0;
13: }
/* end */

"x86_64-pc-linux-gnu-gcc -o conftest -I/usr/include/ruby-2.0.0/x86_64-linux -I/usr/include/ruby-2.0.0/ruby/backward -I/usr/include/ruby-2.0.0 -I.    -O2 -march=native -pipe -fno-strict-aliasing -fPIC conftest.c  -L. -L/usr/lib64 -L. -Wl,-O1 -Wl,--as-needed -fstack-protector -rdynamic -Wl,-export-dynamic -Wl,--no-undefined    -lsqlite3  -lruby20 -lsqlite3  -lpthread -lrt -ldl -lcrypt -lm   -lc"
checked program was:
/* begin */
 1: #include "ruby.h"
 2: 
 3: /*top*/
 4: extern int t(void);
 5: int t(void) { sqlite3_initialize(); return 0; }
 6: int main(int argc, char **argv)
 7: {
 8:   if (argc > 1000000) {
 9:     printf("%p", &t);
10:   }
11: 
12:   return 0;
13: }
/* end */

--------------------

have_func: checking for sqlite3_backup_init()... -------------------- yes

"x86_64-pc-linux-gnu-gcc -o conftest -I/usr/include/ruby-2.0.0/x86_64-linux -I/usr/include/ruby-2.0.0/ruby/backward -I/usr/include/ruby-2.0.0 -I.    -O2 -march=native -pipe -fno-strict-aliasing -fPIC conftest.c  -L. -L/usr/lib64 -L. -Wl,-O1 -Wl,--as-needed -fstack-protector -rdynamic -Wl,-export-dynamic -Wl,--no-undefined    -lsqlite3  -lruby20 -lsqlite3  -lpthread -lrt -ldl -lcrypt -lm   -lc"
conftest.c: In function ‘t’:
conftest.c:5:57: error: ‘sqlite3_backup_init’ undeclared (first use in this function)
 int t(void) { void ((*volatile p)()); p = (void ((*)()))sqlite3_backup_init; return 0; }
                                                         ^
conftest.c:5:57: note: each undeclared identifier is reported only once for each function it appears in
checked program was:
/* begin */
 1: #include "ruby.h"
 2: 
 3: /*top*/
 4: extern int t(void);
 5: int t(void) { void ((*volatile p)()); p = (void ((*)()))sqlite3_backup_init; return 0; }
 6: int main(int argc, char **argv)
 7: {
 8:   if (argc > 1000000) {
 9:     printf("%p", &t);
10:   }
11: 
12:   return 0;
13: }
/* end */

"x86_64-pc-linux-gnu-gcc -o conftest -I/usr/include/ruby-2.0.0/x86_64-linux -I/usr/include/ruby-2.0.0/ruby/backward -I/usr/include/ruby-2.0.0 -I.    -O2 -march=native -pipe -fno-strict-aliasing -fPIC conftest.c  -L. -L/usr/lib64 -L. -Wl,-O1 -Wl,--as-needed -fstack-protector -rdynamic -Wl,-export-dynamic -Wl,--no-undefined    -lsqlite3  -lruby20 -lsqlite3  -lpthread -lrt -ldl -lcrypt -lm   -lc"
checked program was:
/* begin */
 1: #include "ruby.h"
 2: 
 3: /*top*/
 4: extern int t(void);
 5: int t(void) { sqlite3_backup_init(); return 0; }
 6: int main(int argc, char **argv)
 7: {
 8:   if (argc > 1000000) {
 9:     printf("%p", &t);
10:   }
11: 
12:   return 0;
13: }
/* end */

--------------------

have_func: checking for sqlite3_column_database_name()... -------------------- yes

"x86_64-pc-linux-gnu-gcc -o conftest -I/usr/include/ruby-2.0.0/x86_64-linux -I/usr/include/ruby-2.0.0/ruby/backward -I/usr/include/ruby-2.0.0 -I.    -O2 -march=native -pipe -fno-strict-aliasing -fPIC conftest.c  -L. -L/usr/lib64 -L. -Wl,-O1 -Wl,--as-needed -fstack-protector -rdynamic -Wl,-export-dynamic -Wl,--no-undefined    -lsqlite3  -lruby20 -lsqlite3  -lpthread -lrt -ldl -lcrypt -lm   -lc"
conftest.c: In function ‘t’:
conftest.c:5:57: error: ‘sqlite3_column_database_name’ undeclared (first use in this function)
 int t(void) { void ((*volatile p)()); p = (void ((*)()))sqlite3_column_database_name; return 0; }
                                                         ^
conftest.c:5:57: note: each undeclared identifier is reported only once for each function it appears in
checked program was:
/* begin */
 1: #include "ruby.h"
 2: 
 3: /*top*/
 4: extern int t(void);
 5: int t(void) { void ((*volatile p)()); p = (void ((*)()))sqlite3_column_database_name; return 0; }
 6: int main(int argc, char **argv)
 7: {
 8:   if (argc > 1000000) {
 9:     printf("%p", &t);
10:   }
11: 
12:   return 0;
13: }
/* end */

"x86_64-pc-linux-gnu-gcc -o conftest -I/usr/include/ruby-2.0.0/x86_64-linux -I/usr/include/ruby-2.0.0/ruby/backward -I/usr/include/ruby-2.0.0 -I.    -O2 -march=native -pipe -fno-strict-aliasing -fPIC conftest.c  -L. -L/usr/lib64 -L. -Wl,-O1 -Wl,--as-needed -fstack-protector -rdynamic -Wl,-export-dynamic -Wl,--no-undefined    -lsqlite3  -lruby20 -lsqlite3  -lpthread -lrt -ldl -lcrypt -lm   -lc"
checked program was:
/* begin */
 1: #include "ruby.h"
 2: 
 3: /*top*/
 4: extern int t(void);
 5: int t(void) { sqlite3_column_database_name(); return 0; }
 6: int main(int argc, char **argv)
 7: {
 8:   if (argc > 1000000) {
 9:     printf("%p", &t);
10:   }
11: 
12:   return 0;
13: }
/* end */

--------------------

have_func: checking for sqlite3_enable_load_extension()... -------------------- yes

"x86_64-pc-linux-gnu-gcc -o conftest -I/usr/include/ruby-2.0.0/x86_64-linux -I/usr/include/ruby-2.0.0/ruby/backward -I/usr/include/ruby-2.0.0 -I.    -O2 -march=native -pipe -fno-strict-aliasing -fPIC conftest.c  -L. -L/usr/lib64 -L. -Wl,-O1 -Wl,--as-needed -fstack-protector -rdynamic -Wl,-export-dynamic -Wl,--no-undefined    -lsqlite3  -lruby20 -lsqlite3  -lpthread -lrt -ldl -lcrypt -lm   -lc"
conftest.c: In function ‘t’:
conftest.c:5:57: error: ‘sqlite3_enable_load_extension’ undeclared (first use in this function)
 int t(void) { void ((*volatile p)()); p = (void ((*)()))sqlite3_enable_load_extension; return 0; }
                                                         ^
conftest.c:5:57: note: each undeclared identifier is reported only once for each function it appears in
checked program was:
/* begin */
 1: #include "ruby.h"
 2: 
 3: /*top*/
 4: extern int t(void);
 5: int t(void) { void ((*volatile p)()); p = (void ((*)()))sqlite3_enable_load_extension; return 0; }
 6: int main(int argc, char **argv)
 7: {
 8:   if (argc > 1000000) {
 9:     printf("%p", &t);
10:   }
11: 
12:   return 0;
13: }
/* end */

"x86_64-pc-linux-gnu-gcc -o conftest -I/usr/include/ruby-2.0.0/x86_64-linux -I/usr/include/ruby-2.0.0/ruby/backward -I/usr/include/ruby-2.0.0 -I.    -O2 -march=native -pipe -fno-strict-aliasing -fPIC conftest.c  -L. -L/usr/lib64 -L. -Wl,-O1 -Wl,--as-needed -fstack-protector -rdynamic -Wl,-export-dynamic -Wl,--no-undefined    -lsqlite3  -lruby20 -lsqlite3  -lpthread -lrt -ldl -lcrypt -lm   -lc"
checked program was:
/* begin */
 1: #include "ruby.h"
 2: 
 3: /*top*/
 4: extern int t(void);
 5: int t(void) { sqlite3_enable_load_extension(); return 0; }
 6: int main(int argc, char **argv)
 7: {
 8:   if (argc > 1000000) {
 9:     printf("%p", &t);
10:   }
11: 
12:   return 0;
13: }
/* end */

--------------------

have_func: checking for sqlite3_load_extension()... -------------------- yes

"x86_64-pc-linux-gnu-gcc -o conftest -I/usr/include/ruby-2.0.0/x86_64-linux -I/usr/include/ruby-2.0.0/ruby/backward -I/usr/include/ruby-2.0.0 -I.    -O2 -march=native -pipe -fno-strict-aliasing -fPIC conftest.c  -L. -L/usr/lib64 -L. -Wl,-O1 -Wl,--as-needed -fstack-protector -rdynamic -Wl,-export-dynamic -Wl,--no-undefined    -lsqlite3  -lruby20 -lsqlite3  -lpthread -lrt -ldl -lcrypt -lm   -lc"
conftest.c: In function ‘t’:
conftest.c:5:57: error: ‘sqlite3_load_extension’ undeclared (first use in this function)
 int t(void) { void ((*volatile p)()); p = (void ((*)()))sqlite3_load_extension; return 0; }
                                                         ^
conftest.c:5:57: note: each undeclared identifier is reported only once for each function it appears in
checked program was:
/* begin */
 1: #include "ruby.h"
 2: 
 3: /*top*/
 4: extern int t(void);
 5: int t(void) { void ((*volatile p)()); p = (void ((*)()))sqlite3_load_extension; return 0; }
 6: int main(int argc, char **argv)
 7: {
 8:   if (argc > 1000000) {
 9:     printf("%p", &t);
10:   }
11: 
12:   return 0;
13: }
/* end */

"x86_64-pc-linux-gnu-gcc -o conftest -I/usr/include/ruby-2.0.0/x86_64-linux -I/usr/include/ruby-2.0.0/ruby/backward -I/usr/include/ruby-2.0.0 -I.    -O2 -march=native -pipe -fno-strict-aliasing -fPIC conftest.c  -L. -L/usr/lib64 -L. -Wl,-O1 -Wl,--as-needed -fstack-protector -rdynamic -Wl,-export-dynamic -Wl,--no-undefined    -lsqlite3  -lruby20 -lsqlite3  -lpthread -lrt -ldl -lcrypt -lm   -lc"
checked program was:
/* begin */
 1: #include "ruby.h"
 2: 
 3: /*top*/
 4: extern int t(void);
 5: int t(void) { sqlite3_load_extension(); return 0; }
 6: int main(int argc, char **argv)
 7: {
 8:   if (argc > 1000000) {
 9:     printf("%p", &t);
10:   }
11: 
12:   return 0;
13: }
/* end */

--------------------

have_func: checking for sqlite3_open_v2()... -------------------- yes

"x86_64-pc-linux-gnu-gcc -o conftest -I/usr/include/ruby-2.0.0/x86_64-linux -I/usr/include/ruby-2.0.0/ruby/backward -I/usr/include/ruby-2.0.0 -I.    -O2 -march=native -pipe -fno-strict-aliasing -fPIC conftest.c  -L. -L/usr/lib64 -L. -Wl,-O1 -Wl,--as-needed -fstack-protector -rdynamic -Wl,-export-dynamic -Wl,--no-undefined    -lsqlite3  -lruby20 -lsqlite3  -lpthread -lrt -ldl -lcrypt -lm   -lc"
conftest.c: In function ‘t’:
conftest.c:5:57: error: ‘sqlite3_open_v2’ undeclared (first use in this function)
 int t(void) { void ((*volatile p)()); p = (void ((*)()))sqlite3_open_v2; return 0; }
                                                         ^
conftest.c:5:57: note: each undeclared identifier is reported only once for each function it appears in
checked program was:
/* begin */
 1: #include "ruby.h"
 2: 
 3: /*top*/
 4: extern int t(void);
 5: int t(void) { void ((*volatile p)()); p = (void ((*)()))sqlite3_open_v2; return 0; }
 6: int main(int argc, char **argv)
 7: {
 8:   if (argc > 1000000) {
 9:     printf("%p", &t);
10:   }
11: 
12:   return 0;
13: }
/* end */

"x86_64-pc-linux-gnu-gcc -o conftest -I/usr/include/ruby-2.0.0/x86_64-linux -I/usr/include/ruby-2.0.0/ruby/backward -I/usr/include/ruby-2.0.0 -I.    -O2 -march=native -pipe -fno-strict-aliasing -fPIC conftest.c  -L. -L/usr/lib64 -L. -Wl,-O1 -Wl,--as-needed -fstack-protector -rdynamic -Wl,-export-dynamic -Wl,--no-undefined    -lsqlite3  -lruby20 -lsqlite3  -lpthread -lrt -ldl -lcrypt -lm   -lc"
checked program was:
/* begin */
 1: #include "ruby.h"
 2: 
 3: /*top*/
 4: extern int t(void);
 5: int t(void) { sqlite3_open_v2(); return 0; }
 6: int main(int argc, char **argv)
 7: {
 8:   if (argc > 1000000) {
 9:     printf("%p", &t);
10:   }
11: 
12:   return 0;
13: }
/* end */

--------------------

have_func: checking for sqlite3_prepare_v2()... -------------------- yes

"x86_64-pc-linux-gnu-gcc -o conftest -I/usr/include/ruby-2.0.0/x86_64-linux -I/usr/include/ruby-2.0.0/ruby/backward -I/usr/include/ruby-2.0.0 -I.    -O2 -march=native -pipe -fno-strict-aliasing -fPIC conftest.c  -L. -L/usr/lib64 -L. -Wl,-O1 -Wl,--as-needed -fstack-protector -rdynamic -Wl,-export-dynamic -Wl,--no-undefined    -lsqlite3  -lruby20 -lsqlite3  -lpthread -lrt -ldl -lcrypt -lm   -lc"
conftest.c: In function ‘t’:
conftest.c:5:57: error: ‘sqlite3_prepare_v2’ undeclared (first use in this function)
 int t(void) { void ((*volatile p)()); p = (void ((*)()))sqlite3_prepare_v2; return 0; }
                                                         ^
conftest.c:5:57: note: each undeclared identifier is reported only once for each function it appears in
checked program was:
/* begin */
 1: #include "ruby.h"
 2: 
 3: /*top*/
 4: extern int t(void);
 5: int t(void) { void ((*volatile p)()); p = (void ((*)()))sqlite3_prepare_v2; return 0; }
 6: int main(int argc, char **argv)
 7: {
 8:   if (argc > 1000000) {
 9:     printf("%p", &t);
10:   }
11: 
12:   return 0;
13: }
/* end */

"x86_64-pc-linux-gnu-gcc -o conftest -I/usr/include/ruby-2.0.0/x86_64-linux -I/usr/include/ruby-2.0.0/ruby/backward -I/usr/include/ruby-2.0.0 -I.    -O2 -march=native -pipe -fno-strict-aliasing -fPIC conftest.c  -L. -L/usr/lib64 -L. -Wl,-O1 -Wl,--as-needed -fstack-protector -rdynamic -Wl,-export-dynamic -Wl,--no-undefined    -lsqlite3  -lruby20 -lsqlite3  -lpthread -lrt -ldl -lcrypt -lm   -lc"
checked program was:
/* begin */
 1: #include "ruby.h"
 2: 
 3: /*top*/
 4: extern int t(void);
 5: int t(void) { sqlite3_prepare_v2(); return 0; }
 6: int main(int argc, char **argv)
 7: {
 8:   if (argc > 1000000) {
 9:     printf("%p", &t);
10:   }
11: 
12:   return 0;
13: }
/* end */

--------------------

have_type: checking for sqlite3_int64 in sqlite3.h... -------------------- yes

"x86_64-pc-linux-gnu-gcc -I/usr/include/ruby-2.0.0/x86_64-linux -I/usr/include/ruby-2.0.0/ruby/backward -I/usr/include/ruby-2.0.0 -I.    -O2 -march=native -pipe -fno-strict-aliasing -fPIC   -c conftest.c"
checked program was:
/* begin */
1: #include "ruby.h"
2: 
3: #include <sqlite3.h>
4: 
5: /*top*/
6: typedef sqlite3_int64 conftest_type;
7: int conftestval[sizeof(conftest_type)?1:-1];
/* end */

--------------------

have_type: checking for sqlite3_uint64 in sqlite3.h... -------------------- yes

"x86_64-pc-linux-gnu-gcc -I/usr/include/ruby-2.0.0/x86_64-linux -I/usr/include/ruby-2.0.0/ruby/backward -I/usr/include/ruby-2.0.0 -I.    -O2 -march=native -pipe -fno-strict-aliasing -fPIC   -c conftest.c"
checked program was:
/* begin */
1: #include "ruby.h"
2: 
3: #include <sqlite3.h>
4: 
5: /*top*/
6: typedef sqlite3_uint64 conftest_type;
7: int conftestval[sizeof(conftest_type)?1:-1];
/* end */

--------------------

